<?xml version="1.0" encoding="UTF-8"?>
<!-- Generated by org.testng.reporters.JUnitReportReporter -->
<testsuite skipped="0" hostname="gonens-MacBook-2.local" name="o1_SeleniumMethods.TestNG_Sample" tests="2" failures="0" timestamp="2020-06-28T20:28:43 EDT" time="17.753" errors="0">
  <testcase name="getTitle" time="7.297" classname="o1_SeleniumMethods.TestNG_Sample"/>
  <system-out/>
  <testcase name="InvalidCredential" time="10.456" classname="o1_SeleniumMethods.TestNG_Sample"/>
  <system-out/>
</testsuite> <!-- o1_SeleniumMethods.TestNG_Sample -->
