<?xml version="1.0" encoding="UTF-8"?>
<!-- Generated by org.testng.reporters.JUnitReportReporter -->
<testsuite skipped="0" hostname="gonens-MacBook-2.local" name="o1_SeleniumMethods.oo33_TestNG_Sample" tests="2" failures="0" timestamp="2020-07-02T18:12:10 EDT" time="37.755" errors="0">
  <testcase name="getTitle" time="13.098" classname="o1_SeleniumMethods.oo33_TestNG_Sample"/>
  <system-out/>
  <testcase name="InvalidCredential" time="24.657" classname="o1_SeleniumMethods.oo33_TestNG_Sample"/>
  <system-out/>
</testsuite> <!-- o1_SeleniumMethods.oo33_TestNG_Sample -->
