<?xml version="1.0" encoding="UTF-8"?>
<!-- Generated by org.testng.reporters.JUnitReportReporter -->
<testsuite skipped="0" hostname="gonens-MacBook-2.local" name="o1_SeleniumMethods.oo33_TestNG_2" tests="1" failures="0" timestamp="2020-07-04T17:48:50 EDT" time="11.910" errors="0">
  <testcase name="InvalidCredentials" time="11.910" classname="o1_SeleniumMethods.oo33_TestNG_2"/>
  <system-out/>
</testsuite> <!-- o1_SeleniumMethods.oo33_TestNG_2 -->
